<?xml version="1.0" encoding="UTF-8"?>
<coverage generated="1788805808684" clover="3.2.0">
  <project timestamp="1788805808684" name="All files">
    <metrics statements="35" coveredstatements="35" conditionals="15" coveredconditionals="15" methods="11" coveredmethods="11" elements="61" coveredelements="61" complexity="0" loc="35" ncloc="35" packages="5" files="7" classes="7"/>
    <package name="data.services">
      <metrics statements="13" coveredstatements="13" conditionals="8" coveredconditionals="8" methods="3" coveredmethods="3"/>
      <file name="githubService.js" path="C:\Users\User\Documents\Projetos\portfolio-marcio-gomes\src\data\services\githubService.js">
        <metrics statements="13" coveredstatements="13" conditionals="8" coveredconditionals="8" methods="3" coveredmethods="3"/>
        <line num="4" count="1" type="stmt"/>
        <line num="6" count="1" type="stmt"/>
        <line num="7" count="4" type="stmt"/>
        <line num="9" count="4" type="stmt"/>
        <line num="11" count="3" type="cond" truecount="2" falsecount="0"/>
        <line num="12" count="1" type="stmt"/>
        <line num="15" count="2" type="stmt"/>
        <line num="18" count="2" type="stmt"/>
        <line num="20" count="2" type="stmt"/>
        <line num="22" count="2" type="stmt"/>
        <line num="31" count="2" type="stmt"/>
        <line num="33" count="2" type="stmt"/>
        <line num="34" count="2" type="stmt"/>
      </file>
    </package>
    <package name="domain.models">
      <metrics statements="5" coveredstatements="5" conditionals="0" coveredconditionals="0" methods="1" coveredmethods="1"/>
      <file name="Projeto.js" path="C:\Users\User\Documents\Projetos\portfolio-marcio-gomes\src\domain\models\Projeto.js">
        <metrics statements="5" coveredstatements="5" conditionals="0" coveredconditionals="0" methods="1" coveredmethods="1"/>
        <line num="3" count="2" type="stmt"/>
        <line num="4" count="2" type="stmt"/>
        <line num="5" count="2" type="stmt"/>
        <line num="6" count="2" type="stmt"/>
        <line num="7" count="2" type="stmt"/>
      </file>
    </package>
    <package name="presentation.components.ProjectCard">
      <metrics statements="2" coveredstatements="2" conditionals="0" coveredconditionals="0" methods="2" coveredmethods="2"/>
      <file name="ProjectCard.jsx" path="C:\Users\User\Documents\Projetos\portfolio-marcio-gomes\src\presentation\components\ProjectCard\ProjectCard.jsx">
        <metrics statements="2" coveredstatements="2" conditionals="0" coveredconditionals="0" methods="2" coveredmethods="2"/>
        <line num="4" count="2" type="stmt"/>
        <line num="11" count="4" type="stmt"/>
      </file>
      <file name="ProjectCard.module.css" path="C:\Users\User\Documents\Projetos\portfolio-marcio-gomes\src\presentation\components\ProjectCard\ProjectCard.module.css">
        <metrics statements="0" coveredstatements="0" conditionals="0" coveredconditionals="0" methods="0" coveredmethods="0"/>
      </file>
    </package>
    <package name="presentation.pages.About">
      <metrics statements="1" coveredstatements="1" conditionals="0" coveredconditionals="0" methods="1" coveredmethods="1"/>
      <file name="About.jsx" path="C:\Users\User\Documents\Projetos\portfolio-marcio-gomes\src\presentation\pages\About\About.jsx">
        <metrics statements="1" coveredstatements="1" conditionals="0" coveredconditionals="0" methods="1" coveredmethods="1"/>
        <line num="4" count="1" type="stmt"/>
      </file>
      <file name="About.module.css" path="C:\Users\User\Documents\Projetos\portfolio-marcio-gomes\src\presentation\pages\About\About.module.css">
        <metrics statements="0" coveredstatements="0" conditionals="0" coveredconditionals="0" methods="0" coveredmethods="0"/>
      </file>
    </package>
    <package name="presentation.pages.Home">
      <metrics statements="14" coveredstatements="14" conditionals="7" coveredconditionals="7" methods="4" coveredmethods="4"/>
      <file name="Home.jsx" path="C:\Users\User\Documents\Projetos\portfolio-marcio-gomes\src\presentation\pages\Home\Home.jsx">
        <metrics statements="14" coveredstatements="14" conditionals="7" coveredconditionals="7" methods="4" coveredmethods="4"/>
        <line num="6" count="7" type="stmt"/>
        <line num="7" count="7" type="stmt"/>
        <line num="8" count="7" type="stmt"/>
        <line num="10" count="7" type="stmt"/>
        <line num="12" count="4" type="stmt"/>
        <line num="13" count="4" type="stmt"/>
        <line num="14" count="4" type="stmt"/>
        <line num="15" count="2" type="stmt"/>
        <line num="17" count="1" type="stmt"/>
        <line num="18" count="1" type="stmt"/>
        <line num="20" count="3" type="stmt"/>
        <line num="24" count="4" type="stmt"/>
        <line num="27" count="7" type="stmt"/>
        <line num="50" count="1" type="stmt"/>
      </file>
    </package>
  </project>
</coverage>
