{"C:\\Users\\User\\Documents\\Projetos\\portfolio-marcio-gomes\\src\\data\\services\\githubService.js": {"path":"C:\\Users\\User\\Documents\\Projetos\\portfolio-marcio-gomes\\src\\data\\services\\githubService.js","statementMap":{"0":{"start":{"line":4,"column":20},"end":{"line":4,"column":null}},"1":{"start":{"line":6,"column":29},"end":{"line":36,"column":null}},"2":{"start":{"line":7,"column":2},"end":{"line":35,"column":null}},"3":{"start":{"line":9,"column":21},"end":{"line":9,"column":null}},"4":{"start":{"line":11,"column":4},"end":{"line":13,"column":null}},"5":{"start":{"line":12,"column":6},"end":{"line":12,"column":null}},"6":{"start":{"line":15,"column":18},"end":{"line":15,"column":null}},"7":{"start":{"line":18,"column":29},"end":{"line":29,"column":null}},"8":{"start":{"line":20,"column":22},"end":{"line":20,"column":32}},"9":{"start":{"line":22,"column":8},"end":{"line":28,"column":null}},"10":{"start":{"line":31,"column":4},"end":{"line":31,"column":null}},"11":{"start":{"line":33,"column":4},"end":{"line":33,"column":null}},"12":{"start":{"line":34,"column":4},"end":{"line":34,"column":null}}},"fnMap":{"0":{"name":"(anonymous_0)","decl":{"start":{"line":6,"column":29},"end":{"line":6,"column":41}},"loc":{"start":{"line":6,"column":41},"end":{"line":36,"column":null}},"line":6},"1":{"name":"(anonymous_1)","decl":{"start":{"line":20,"column":7},"end":{"line":20,"column":14}},"loc":{"start":{"line":20,"column":22},"end":{"line":20,"column":32}},"line":20},"2":{"name":"(anonymous_2)","decl":{"start":{"line":21,"column":7},"end":{"line":21,"column":11}},"loc":{"start":{"line":21,"column":19},"end":{"line":29,"column":7}},"line":21}},"branchMap":{"0":{"loc":{"start":{"line":11,"column":4},"end":{"line":13,"column":null}},"type":"if","locations":[{"start":{"line":11,"column":4},"end":{"line":13,"column":null}},{"start":{},"end":{}}],"line":11},"1":{"loc":{"start":{"line":25,"column":10},"end":{"line":25,"column":null}},"type":"binary-expr","locations":[{"start":{"line":25,"column":10},"end":{"line":25,"column":30}},{"start":{"line":25,"column":30},"end":{"line":25,"column":null}}],"line":25},"2":{"loc":{"start":{"line":27,"column":10},"end":{"line":27,"column":null}},"type":"cond-expr","locations":[{"start":{"line":27,"column":50},"end":{"line":27,"column":64}},{"start":{"line":27,"column":64},"end":{"line":27,"column":null}}],"line":27},"3":{"loc":{"start":{"line":27,"column":10},"end":{"line":27,"column":50}},"type":"binary-expr","locations":[{"start":{"line":27,"column":10},"end":{"line":27,"column":25}},{"start":{"line":27,"column":25},"end":{"line":27,"column":50}}],"line":27}},"s":{"0":1,"1":1,"2":4,"3":4,"4":3,"5":1,"6":2,"7":2,"8":2,"9":2,"10":2,"11":2,"12":2},"f":{"0":4,"1":2,"2":2},"b":{"0":[1,2],"1":[2,1],"2":[1,1],"3":[2,1]},"meta":{"lastBranch":4,"lastFunction":3,"lastStatement":13,"seen":{"s:4:20:4:Infinity":0,"s:6:29:36:Infinity":1,"f:6:29:6:41":0,"s:7:2:35:Infinity":2,"s:9:21:9:Infinity":3,"b:11:4:13:Infinity:undefined:undefined:undefined:undefined":0,"s:11:4:13:Infinity":4,"s:12:6:12:Infinity":5,"s:15:18:15:Infinity":6,"s:18:29:29:Infinity":7,"f:20:7:20:14":1,"s:20:22:20:32":8,"f:21:7:21:11":2,"s:22:8:28:Infinity":9,"b:25:10:25:30:25:30:25:Infinity":1,"b:27:50:27:64:27:64:27:Infinity":2,"b:27:10:27:25:27:25:27:50":3,"s:31:4:31:Infinity":10,"s:33:4:33:Infinity":11,"s:34:4:34:Infinity":12},"fnNames":{}}}
,"C:\\Users\\User\\Documents\\Projetos\\portfolio-marcio-gomes\\src\\domain\\models\\Projeto.js": {"path":"C:\\Users\\User\\Documents\\Projetos\\portfolio-marcio-gomes\\src\\domain\\models\\Projeto.js","statementMap":{"0":{"start":{"line":3,"column":4},"end":{"line":3,"column":null}},"1":{"start":{"line":4,"column":4},"end":{"line":4,"column":null}},"2":{"start":{"line":5,"column":4},"end":{"line":5,"column":null}},"3":{"start":{"line":6,"column":4},"end":{"line":6,"column":null}},"4":{"start":{"line":7,"column":4},"end":{"line":7,"column":null}}},"fnMap":{"0":{"name":"constructor","decl":{"start":{"line":2,"column":2},"end":{"line":2,"column":14}},"loc":{"start":{"line":2,"column":53},"end":{"line":8,"column":null}},"line":2}},"branchMap":{},"s":{"0":2,"1":2,"2":2,"3":2,"4":2},"f":{"0":2},"b":{},"meta":{"lastBranch":0,"lastFunction":1,"lastStatement":5,"seen":{"f:2:2:2:14":0,"s:3:4:3:Infinity":0,"s:4:4:4:Infinity":1,"s:5:4:5:Infinity":2,"s:6:4:6:Infinity":3,"s:7:4:7:Infinity":4},"fnNames":{}}}
,"C:\\Users\\User\\Documents\\Projetos\\portfolio-marcio-gomes\\src\\presentation\\components\\ProjectCard\\ProjectCard.jsx": {"path":"C:\\Users\\User\\Documents\\Projetos\\portfolio-marcio-gomes\\src\\presentation\\components\\ProjectCard\\ProjectCard.jsx","statementMap":{"0":{"start":{"line":4,"column":2},"end":{"line":23,"column":null}},"1":{"start":{"line":11,"column":10},"end":{"line":11,"column":null}}},"fnMap":{"0":{"name":"ProjectCard","decl":{"start":{"line":3,"column":16},"end":{"line":3,"column":28}},"loc":{"start":{"line":3,"column":41},"end":{"line":25,"column":null}},"line":3},"1":{"name":"(anonymous_1)","decl":{"start":{"line":10,"column":29},"end":{"line":10,"column":34}},"loc":{"start":{"line":11,"column":10},"end":{"line":11,"column":null}},"line":11}},"branchMap":{},"s":{"0":2,"1":4},"f":{"0":2,"1":4},"b":{},"meta":{"lastBranch":0,"lastFunction":2,"lastStatement":2,"seen":{"f:3:16:3:28":0,"s:4:2:23:Infinity":0,"f:10:29:10:34":1,"s:11:10:11:Infinity":1},"fnNames":{}}}
,"C:\\Users\\User\\Documents\\Projetos\\portfolio-marcio-gomes\\src\\presentation\\components\\ProjectCard\\ProjectCard.module.css": {"path":"C:\\Users\\User\\Documents\\Projetos\\portfolio-marcio-gomes\\src\\presentation\\components\\ProjectCard\\ProjectCard.module.css","statementMap":{},"fnMap":{},"branchMap":{},"s":{},"f":{},"b":{},"meta":{"lastBranch":0,"lastFunction":0,"lastStatement":0,"seen":{},"fnNames":{}}}
,"C:\\Users\\User\\Documents\\Projetos\\portfolio-marcio-gomes\\src\\presentation\\pages\\About\\About.jsx": {"path":"C:\\Users\\User\\Documents\\Projetos\\portfolio-marcio-gomes\\src\\presentation\\pages\\About\\About.jsx","statementMap":{"0":{"start":{"line":4,"column":2},"end":{"line":38,"column":null}}},"fnMap":{"0":{"name":"About","decl":{"start":{"line":3,"column":16},"end":{"line":3,"column":24}},"loc":{"start":{"line":3,"column":24},"end":{"line":40,"column":null}},"line":3}},"branchMap":{},"s":{"0":1},"f":{"0":1},"b":{},"meta":{"lastBranch":0,"lastFunction":1,"lastStatement":1,"seen":{"f:3:16:3:24":0,"s:4:2:38:Infinity":0},"fnNames":{}}}
,"C:\\Users\\User\\Documents\\Projetos\\portfolio-marcio-gomes\\src\\presentation\\pages\\About\\About.module.css": {"path":"C:\\Users\\User\\Documents\\Projetos\\portfolio-marcio-gomes\\src\\presentation\\pages\\About\\About.module.css","statementMap":{},"fnMap":{},"branchMap":{},"s":{},"f":{},"b":{},"meta":{"lastBranch":0,"lastFunction":0,"lastStatement":0,"seen":{},"fnNames":{}}}
,"C:\\Users\\User\\Documents\\Projetos\\portfolio-marcio-gomes\\src\\presentation\\pages\\Home\\Home.jsx": {"path":"C:\\Users\\User\\Documents\\Projetos\\portfolio-marcio-gomes\\src\\presentation\\pages\\Home\\Home.jsx","statementMap":{"0":{"start":{"line":6,"column":34},"end":{"line":6,"column":null}},"1":{"start":{"line":7,"column":38},"end":{"line":7,"column":null}},"2":{"start":{"line":8,"column":26},"end":{"line":8,"column":null}},"3":{"start":{"line":10,"column":2},"end":{"line":25,"column":null}},"4":{"start":{"line":12,"column":26},"end":{"line":22,"column":null}},"5":{"start":{"line":13,"column":6},"end":{"line":21,"column":null}},"6":{"start":{"line":14,"column":22},"end":{"line":14,"column":42}},"7":{"start":{"line":15,"column":8},"end":{"line":15,"column":null}},"8":{"start":{"line":17,"column":8},"end":{"line":17,"column":null}},"9":{"start":{"line":18,"column":8},"end":{"line":18,"column":null}},"10":{"start":{"line":20,"column":8},"end":{"line":20,"column":null}},"11":{"start":{"line":24,"column":4},"end":{"line":24,"column":null}},"12":{"start":{"line":27,"column":2},"end":{"line":54,"column":null}},"13":{"start":{"line":50,"column":12},"end":{"line":50,"column":null}}},"fnMap":{"0":{"name":"Home","decl":{"start":{"line":5,"column":16},"end":{"line":5,"column":23}},"loc":{"start":{"line":5,"column":23},"end":{"line":56,"column":null}},"line":5},"1":{"name":"(anonymous_1)","decl":{"start":{"line":10,"column":2},"end":{"line":10,"column":18}},"loc":{"start":{"line":10,"column":18},"end":{"line":25,"column":5}},"line":10},"2":{"name":"(anonymous_2)","decl":{"start":{"line":12,"column":26},"end":{"line":12,"column":38}},"loc":{"start":{"line":12,"column":38},"end":{"line":22,"column":null}},"line":12},"3":{"name":"(anonymous_3)","decl":{"start":{"line":49,"column":20},"end":{"line":49,"column":25}},"loc":{"start":{"line":50,"column":12},"end":{"line":50,"column":null}},"line":50}},"branchMap":{"0":{"loc":{"start":{"line":31,"column":7},"end":{"line":34,"column":null}},"type":"binary-expr","locations":[{"start":{"line":31,"column":7},"end":{"line":31,"column":null}},{"start":{"line":32,"column":8},"end":{"line":34,"column":null}}],"line":31},"1":{"loc":{"start":{"line":37,"column":7},"end":{"line":40,"column":null}},"type":"binary-expr","locations":[{"start":{"line":37,"column":7},"end":{"line":37,"column":null}},{"start":{"line":38,"column":8},"end":{"line":40,"column":null}}],"line":37},"2":{"loc":{"start":{"line":43,"column":7},"end":{"line":52,"column":null}},"type":"binary-expr","locations":[{"start":{"line":43,"column":7},"end":{"line":43,"column":22}},{"start":{"line":43,"column":22},"end":{"line":43,"column":null}},{"start":{"line":44,"column":8},"end":{"line":52,"column":null}}],"line":43}},"s":{"0":7,"1":7,"2":7,"3":7,"4":4,"5":4,"6":4,"7":2,"8":1,"9":1,"10":3,"11":4,"12":7,"13":1},"f":{"0":7,"1":4,"2":4,"3":1},"b":{"0":[7,4],"1":[7,1],"2":[7,3,2]},"meta":{"lastBranch":3,"lastFunction":4,"lastStatement":14,"seen":{"f:5:16:5:23":0,"s:6:34:6:Infinity":0,"s:7:38:7:Infinity":1,"s:8:26:8:Infinity":2,"s:10:2:25:Infinity":3,"f:10:2:10:18":1,"s:12:26:22:Infinity":4,"f:12:26:12:38":2,"s:13:6:21:Infinity":5,"s:14:22:14:42":6,"s:15:8:15:Infinity":7,"s:17:8:17:Infinity":8,"s:18:8:18:Infinity":9,"s:20:8:20:Infinity":10,"s:24:4:24:Infinity":11,"s:27:2:54:Infinity":12,"b:31:7:31:Infinity:32:8:34:Infinity":0,"b:37:7:37:Infinity:38:8:40:Infinity":1,"b:43:7:43:22:43:22:43:Infinity:44:8:52:Infinity":2,"f:49:20:49:25":3,"s:50:12:50:Infinity":13},"fnNames":{}}}
}
